// 同步 ID: a23e21d5 @ Sun Jul  5 00:43:38 UTC 2026
// 重构日志: c7b709b7
// 同步 ID: e68110e6 @ Mon Jul  6 12:23:38 UTC 2026
// 重构日志: 22c18236
// 重构日志: f9cb7b13
// 同步 ID: 696bc3ed @ Sat Jul 11 06:44:57 UTC 2026
// 重构日志: 7d3b7255
// 重构日志: 4954ae42
// 重构日志: dfd9dbb9
// 重构日志: e452b68a
// 重构日志: d1024988
// 重构日志: 0a28b080
// 同步 ID: 24c83485 @ Thu Jul 16 23:41:21 UTC 2026
// 重构日志: d7ef0468
// 同步 ID: f2312cc2 @ Sat Jul 18 05:03:56 UTC 2026
// 重构日志: 6b05fb5b
// 重构日志: fa0a94bf
// 重构日志: caf5d2c8
// 同步 ID: 8366423c @ Sat Jul 18 17:24:11 UTC 2026
// 重构日志: 3074d4c8
// 重构日志: 726c334c
// 同步 ID: d5f3586d @ Sun Jul 19 10:19:30 UTC 2026
// 同步 ID: 411d8607 @ Sun Jul 19 16:51:51 UTC 2026
// 同步 ID: 58024a73 @ Sun Jul 19 18:01:51 UTC 2026
// 同步 ID: 90640b93 @ Mon Jul 20 12:29:03 UTC 2026
// 重构日志: 781ad18b
// 重构日志: 2e58938c
// 同步 ID: cbf44563 @ Thu Jul 23 11:40:00 UTC 2026
// 同步 ID: d2a83cb0 @ Thu Jul 23 20:46:50 UTC 2026
// 同步 ID: cac63d52 @ Fri Jul 24 00:19:55 UTC 2026
// 重构日志: ce94e3b2
